* using log directory 'C:/Users/Eunsan/Dropbox/22 R/exam/easyPois.Rcheck'
* using R version 4.0.3 (2020-10-10)
* using platform: x86_64-w64-mingw32 (64-bit)
* using session charset: ISO8859-1
* using options '--no-manual --as-cran'
* checking for file 'easyPois/DESCRIPTION' ... OK
* this is package 'easyPois' version '0.0.0.9000'
* package encoding: UTF-8
* checking package namespace information ... OK
* checking package dependencies ... OK
* checking if this is a source package ... OK
* checking if there is a namespace ... OK
* checking for executable files ... OK
* checking for hidden files and directories ... OK
* checking for portable file names ... OK
* checking serialization versions ... OK
* checking whether package 'easyPois' can be installed ... OK
* checking installed package size ... OK
* checking package directory ... OK
* checking for future file timestamps ... OK
* checking DESCRIPTION meta-information ... OK
* checking top-level files ... OK
* checking for left-over files ... OK
* checking index information ... OK
* checking package subdirectories ... OK
* checking R files for non-ASCII characters ... OK
* checking R files for syntax errors ... OK
* checking whether the package can be loaded ... OK
* checking whether the package can be loaded with stated dependencies ... OK
* checking whether the package can be unloaded cleanly ... OK
* checking whether the namespace can be loaded with stated dependencies ... OK
* checking whether the namespace can be unloaded cleanly ... OK
* checking loading without being on the library search path ... OK
* checking dependencies in R code ... OK
* checking S3 generic/method consistency ... OK
* checking replacement functions ... OK
* checking foreign function calls ... OK
* checking R code for possible problems ... OK
* checking Rd files ... OK
* checking Rd metadata ... OK
* checking Rd line widths ... OK
* checking Rd cross-references ... OK
* checking for missing documentation entries ... WARNING
Undocumented S4 methods:
  generic 'estimatePois' and siglist 'ANY'
  generic 'initialize' and siglist 'PoisMLE'
  generic 'logLik' and siglist 'ANY'
  generic 'mle' and siglist 'ANY'
  generic 'standardError' and siglist 'ANY'
All user-level objects in a package (including S4 classes and methods)
should have documentation entries.
See chapter 'Writing R documentation files' in the 'Writing R
Extensions' manual.
* checking for code/documentation mismatches ... OK
* checking Rd \usage sections ... OK
* checking Rd contents ... OK
* checking for unstated dependencies in examples ... OK
* checking examples ... ERROR
Running examples in 'easyPois-Ex.R' failed
The error most likely occurred in:

> base::assign(".ptime", proc.time(), pos = "CheckExEnv")
> ### Name: estimatePois
> ### Title: estimatePois function for MLE calculation
> ### Aliases: estimatePois
> 
> ### ** Examples
> 
> set.seed(10)
> y <- rpois(1000,5)
> estimatePois(y, lambda = 10, SEtype = "bootstrap")
 ----------- FAILURE REPORT -------------- 
 --- failure: the condition has length > 1 ---
 --- srcref --- 
: 
 --- package (from environment) --- 
easyPois
 --- call from context --- 
standardError(y, SEtype = c("basic", "bootstrap"), B = 1000)
 --- call from argument --- 
if (SEtype == "basic") {
    se <- sqrt(mle(y)/length(y))
}
 --- R stacktrace ---
where 1: standardError(y, SEtype = c("basic", "bootstrap"), B = 1000)
where 2: standardError(y, SEtype = c("basic", "bootstrap"), B = 1000)
where 3: .local(y, lambda, SEtype)
where 4: estimatePois(y, lambda = 10, SEtype = "bootstrap")
where 5: estimatePois(y, lambda = 10, SEtype = "bootstrap")

 --- value of length: 2 type: logical ---
[1]  TRUE FALSE
 --- function from context --- 
Method Definition:

function (y, SEtype = c("basic", "bootstrap"), B = 1000) 
{
    mle <- function(y) {
        return(sum(y)/length(y))
    }
    if (SEtype == "basic") {
        se <- sqrt(mle(y)/length(y))
    }
    if (SEtype == "bootstrap") {
        matrix <- replicate(B, {
            return(sample(y, length(y), replace = T))
        })
        bootmle <- apply(matrix, 2, mle)
        se <- sd(bootmle)
    }
    return(se)
    if (any(y < 0)) {
        stop("For log likelihood, values of y must be greater or equal to 0")
    }
    if (B <= 0) {
        stop("For bootstrapping, B must be greater than 0.")
    }
    if (!(SEtype %in% c("basic", "bootstrap"))) {
        stop("Please insert a defined method for SEtype.")
    }
}
<bytecode: 0x000000000966ceb0>
<environment: namespace:easyPois>

Signatures:
        y        
target  "integer"
defined "ANY"    
 --- function search by body ---
S4 Method standardError:easyPois defined in namespace easyPois with signature ANY has this body.
 ----------- END OF FAILURE REPORT -------------- 
Error in if (SEtype == "basic") { : the condition has length > 1
Calls: estimatePois ... estimatePois -> .local -> standardError -> standardError
Execution halted
* checking for non-standard things in the check directory ... OK
* checking for detritus in the temp directory ... OK
* DONE
Status: 1 ERROR, 1 WARNING
